GET,0.0,1616791681.5215833,12:23
GET,1.9960403442382812,1616791686.8705745,13:23
GET,0.0,1616791709.5563338,15:23
POST,11.014699935913086,1616791754.886694,16:23
GET,0.0,1616791761.9267542,19:23
GET,0.0,1616791787.708748,14:23
POST,7.999420166015625,1616791821.1101272,14:23
DELETE,15.977144241333008,1616792109.5434976,17:23
GET,0.0,1616792117.3581357,14:23
GET,0.0,1616792261.997171,12:23
GET,0.0,1616792263.7561705,14:23
GET,1.0023117065429688,1616792273.791878,14:23
DELETE,6.963253021240234,1616792276.333824,14:23
POST,8.016824722290039,1616792491.2350647,21:23
POST,8.999109268188477,1616792495.8576288,14:23
POST,11.014699935913086,1616792499.0262797,22:23
POST,12.000322341918945,1616792502.2163064,14:23
POST,8.987188339233398,1616792505.2964487,14:23
POST,8.002042770385742,1616792509.0102968,16:23
PUT,11.971473693847656,1616792584.4131773,15:23
PUT,14.972209930419922,1616792601.388839,14:23
PUT,11.98720932006836,1616792607.9733655,11:23
PUT,10.000467300415039,1616792614.312336,14:23
GET,6.000757217407227,1616792618.481459,18:23
GET,1.9998550415039062,1616792622.0266433,14:23
GET,2.037525177001953,1616792622.4239438,14:23
GET,2.9976367950439453,1616792622.9124148,14:23
GET,2.0427703857421875,1616792623.3939893,14:23
GET,3.002643585205078,1616792623.8789089,14:23
GET,5.00178337097168,1616792624.3299112,12:23
GET,3.9815902709960938,1616792624.7715914,14:30
GET,1.9876956939697266,1616843362.9974003,15:23
GET,1.0182857513427734,1616844219.9941187,14:23
GET,1.0182857513427734,1616844219.9941187,23:23